<?xml version="1.0" encoding="UTF-8"?>
<testng-results skipped="0" failed="0" ignored="0" total="1" passed="1">
  <reporter-output>
  </reporter-output>
  <suite name="Default suite" duration-ms="14392" started-at="2020-01-28T18:55:49 IST" finished-at="2020-01-28T18:56:03 IST">
    <groups>
    </groups>
    <test name="Default test" duration-ms="14392" started-at="2020-01-28T18:55:49 IST" finished-at="2020-01-28T18:56:03 IST">
      <class name="testcases.Test001">
        <test-method status="PASS" signature="setUp()[pri:0, instance:testcases.Test001@d44fc21]" name="setUp" is-config="true" duration-ms="6456" started-at="2020-01-28T18:55:49 IST" finished-at="2020-01-28T18:55:56 IST">
          <reporter-output>
          </reporter-output>
        </test-method> <!-- setUp -->
        <test-method status="PASS" signature="tc001()[pri:0, instance:testcases.Test001@d44fc21]" name="tc001" duration-ms="7880" started-at="2020-01-28T18:55:56 IST" finished-at="2020-01-28T18:56:03 IST">
          <reporter-output>
          </reporter-output>
        </test-method> <!-- tc001 -->
      </class> <!-- testcases.Test001 -->
    </test> <!-- Default test -->
  </suite> <!-- Default suite -->
</testng-results>
